D:\RIT\Game Engine Architecture\Project\IGME750\DX11Starter\RenderingCore\PixelShader.hlsl(58,24-78): warning X3571: pow(f, e) will not work for negative f, use abs(f) or conditionally handle negative values if you expect them
D:\RIT\Game Engine Architecture\Project\IGME750\DX11Starter\RenderingCore\PixelShader.hlsl(68,9-43): warning X3571: pow(f, e) will not work for negative f, use abs(f) or conditionally handle negative values if you expect them
  
  compilation object save succeeded; see D:\RIT\Game Engine Architecture\Project\IGME750\DX11Starter\Release\PixelShader.cso
  compilation object save succeeded; see D:\RIT\Game Engine Architecture\Project\IGME750\DX11Starter\Release\VertexShader.cso
  AckBuffer.cpp
  AckHeader.cpp
  Address.cpp
  NetworkManager.cpp
  PacketBuffer.cpp
  SocketWrapper.cpp
  Buffer.cpp
  ClientSceneGraph.cpp
  Collider.cpp
  TimeInstableTransform.cpp
  Transform.cpp
  Vector2.cpp
  TemporalEntity.cpp
  ServerSceneGraph.cpp
d:\rit\game engine architecture\project\igme750\dx11starter\hostscenegraph\serverscenegraph.cpp(59): warning C4018: '<': signed/unsigned mismatch
d:\rit\game engine architecture\project\igme750\dx11starter\hostscenegraph\serverscenegraph.cpp(81): warning C4018: '<': signed/unsigned mismatch
d:\rit\game engine architecture\project\igme750\dx11starter\hostscenegraph\serverscenegraph.cpp(96): warning C4018: '<': signed/unsigned mismatch
d:\rit\game engine architecture\project\igme750\dx11starter\hostscenegraph\serverscenegraph.cpp(106): warning C4018: '<': signed/unsigned mismatch
d:\rit\game engine architecture\project\igme750\dx11starter\hostscenegraph\serverscenegraph.cpp(114): warning C4018: '<': signed/unsigned mismatch
d:\rit\game engine architecture\project\igme750\dx11starter\hostscenegraph\serverscenegraph.cpp(141): warning C4018: '<': signed/unsigned mismatch
  ColliderManager.cpp
  Phantom.cpp
  PlayerKeyFrameData.cpp
  Phenomina.cpp
  StaticObject.cpp
  ThreadPool.cpp
  Compiling...
  Camera.cpp
  DXCore.cpp
  Entity.cpp
  Material.cpp
  Mesh.cpp
d:\rit\game engine architecture\project\igme750\dx11starter\renderingcore\mesh.h(4): fatal error C1083: Cannot open include file: 'assimp/Importer.hpp': No such file or directory
  Renderer.cpp
d:\rit\game engine architecture\project\igme750\dx11starter\renderingcore\mesh.h(4): fatal error C1083: Cannot open include file: 'assimp/Importer.hpp': No such file or directory
  SimpleShader.cpp
  AssetManager.cpp
d:\rit\game engine architecture\project\igme750\dx11starter\assetmanager\assetmanager.h(5): fatal error C1083: Cannot open include file: 'Mesh.h': No such file or directory
  AudioEngine.cpp
  FilePathHelper.cpp
  Game.cpp
d:\rit\game engine architecture\project\igme750\dx11starter\dx11starter\game.h(3): fatal error C1083: Cannot open include file: 'Renderer.h': No such file or directory
  Main.cpp
d:\rit\game engine architecture\project\igme750\dx11starter\dx11starter\game.h(3): fatal error C1083: Cannot open include file: 'Renderer.h': No such file or directory
